INFO:root:Epoch [1/50]
INFO:root:Epoch [1/50]
INFO:root:-------------------------------------------------------
INFO:root:Epoch [2/50]
INFO:root:---|--- not the best model: 0.000000
INFO:root:-------------------------------------------------------
INFO:root:Epoch [3/50]
INFO:root:---|--- not the best model: 0.000000
INFO:root:-------------------------------------------------------
INFO:root:Epoch [4/50]
INFO:root:---|--- not the best model: 0.000000
INFO:root:-------------------------------------------------------
INFO:root:Epoch [5/50]
INFO:root:---|--- not the best model: 0.000000
INFO:root:-------------------------------------------------------
INFO:root:Epoch [6/50]
INFO:root:---|--- not the best model: 0.000000
INFO:root:-------------------------------------------------------
INFO:root:Epoch [7/50]
INFO:root:---|--- not the best model: 0.000000
INFO:root:-------------------------------------------------------
INFO:root:Epoch [8/50]
INFO:root:---|--- not the best model: 0.000000
INFO:root:-------------------------------------------------------
INFO:root:Epoch [9/50]
INFO:root:---|--- not the best model: 0.000000
INFO:root:-------------------------------------------------------
INFO:root:Epoch [10/50]
INFO:root:---|--- not the best model: 0.000000
INFO:root:-------------------------------------------------------
INFO:root:Epoch [11/50]
INFO:root:---|--- not the best model: 0.000000
INFO:root:-------------------------------------------------------
INFO:root:Epoch [12/50]
INFO:root:---|--- not the best model: 0.000000
INFO:root:-------------------------------------------------------
INFO:root:Epoch [13/50]
INFO:root:---|--- not the best model: 0.000000
INFO:root:-------------------------------------------------------
INFO:root:Epoch [14/50]
INFO:root:---|--- not the best model: 0.000000
INFO:root:-------------------------------------------------------
INFO:root:Epoch [15/50]
INFO:root:---|--- not the best model: 0.000000
INFO:root:-------------------------------------------------------
INFO:root:Epoch [16/50]
INFO:root:---|--- not the best model: 0.000000
INFO:root:-------------------------------------------------------
INFO:root:Epoch [17/50]
INFO:root:---|--- not the best model: 0.000000
INFO:root:-------------------------------------------------------
INFO:root:Epoch [18/50]
INFO:root:---|--- not the best model: 0.000000
INFO:root:-------------------------------------------------------
INFO:root:Epoch [19/50]
INFO:root:---|--- not the best model: 0.000000
INFO:root:-------------------------------------------------------
INFO:root:Epoch [20/50]
INFO:root:---|--- not the best model: 0.000000
INFO:root:-------------------------------------------------------
INFO:root:Epoch [21/50]
INFO:root:---|--- not the best model: 0.000000
INFO:root:-------------------------------------------------------
INFO:root:Epoch [22/50]
INFO:root:---|--- not the best model: 0.000000
INFO:root:-------------------------------------------------------
INFO:root:Epoch [23/50]
INFO:root:---|--- not the best model: 0.000000
INFO:root:-------------------------------------------------------
INFO:root:Epoch [24/50]
INFO:root:---|--- not the best model: 0.000000
INFO:root:-------------------------------------------------------
INFO:root:Epoch [25/50]
INFO:root:---|--- not the best model: 0.000000
INFO:root:-------------------------------------------------------
INFO:root:Epoch [26/50]
INFO:root:---|--- not the best model: 0.000000
INFO:root:-------------------------------------------------------
INFO:root:Epoch [27/50]
INFO:root:---|--- not the best model: 0.000000
INFO:root:-------------------------------------------------------
INFO:root:Epoch [28/50]
INFO:root:---|--- not the best model: 0.000000
INFO:root:-------------------------------------------------------
INFO:root:Epoch [29/50]
INFO:root:---|--- not the best model: 0.000000
INFO:root:-------------------------------------------------------
INFO:root:Epoch [30/50]
INFO:root:---|--- not the best model: 0.000000
INFO:root:-------------------------------------------------------
INFO:root:Epoch [31/50]
INFO:root:---|--- not the best model: 0.000000
INFO:root:-------------------------------------------------------
INFO:root:Epoch [32/50]
INFO:root:---|--- not the best model: 0.000000
INFO:root:-------------------------------------------------------
INFO:root:Epoch [33/50]
INFO:root:---|--- not the best model: 0.000000
INFO:root:-------------------------------------------------------
INFO:root:Epoch [34/50]
INFO:root:---|--- not the best model: 0.000000
INFO:root:-------------------------------------------------------
INFO:root:Epoch [35/50]
INFO:root:---|--- not the best model: 0.000000
INFO:root:-------------------------------------------------------
INFO:root:Epoch [36/50]
INFO:root:---|--- not the best model: 0.000000
INFO:root:-------------------------------------------------------
INFO:root:Epoch [37/50]
INFO:root:---|--- not the best model: 0.000000
INFO:root:-------------------------------------------------------
INFO:root:Epoch [38/50]
INFO:root:---|--- not the best model: 0.000000
INFO:root:-------------------------------------------------------
INFO:root:Epoch [39/50]
INFO:root:---|--- not the best model: 0.000000
INFO:root:-------------------------------------------------------
INFO:root:Epoch [40/50]
INFO:root:---|--- not the best model: 0.000000
INFO:root:-------------------------------------------------------
INFO:root:Epoch [41/50]
INFO:root:---|--- not the best model: 0.000000
INFO:root:-------------------------------------------------------
INFO:root:Epoch [42/50]
INFO:root:---|--- not the best model: 0.000000
INFO:root:-------------------------------------------------------
INFO:root:Epoch [43/50]
INFO:root:---|--- not the best model: 0.000000
INFO:root:-------------------------------------------------------
INFO:root:Epoch [44/50]
INFO:root:---|--- not the best model: 0.000000
INFO:root:-------------------------------------------------------
INFO:root:Epoch [45/50]
INFO:root:---|--- not the best model: 0.000000
INFO:root:-------------------------------------------------------
INFO:root:Epoch [46/50]
INFO:root:---|--- not the best model: 0.000000
INFO:root:-------------------------------------------------------
INFO:root:Epoch [47/50]
INFO:root:---|--- not the best model: 0.000000
INFO:root:-------------------------------------------------------
INFO:root:Epoch [48/50]
INFO:root:---|--- not the best model: 0.000000
INFO:root:-------------------------------------------------------
INFO:root:Epoch [49/50]
INFO:root:---|--- not the best model: 0.000000
INFO:root:-------------------------------------------------------
INFO:root:Epoch [50/50]
INFO:root:---|--- not the best model: 0.000000
INFO:root:-------------------------------------------------------
DEBUG:root:diff parser start
DEBUG:root:diff parser calculated
DEBUG:root:diff: line_lengths old: 1, new: 1
DEBUG:root:diff replace old[1:1] new[1:1]
DEBUG:root:parse_part from 1 to 1 (to 0 in part parser)
DEBUG:root:diff parser end
DEBUG:root:diff parser start
DEBUG:root:diff parser calculated
DEBUG:root:diff: line_lengths old: 1, new: 1
DEBUG:root:diff replace old[1:1] new[1:1]
DEBUG:root:parse_part from 1 to 1 (to 0 in part parser)
DEBUG:root:diff parser end
DEBUG:root:diff parser start
DEBUG:root:diff parser calculated
DEBUG:root:diff: line_lengths old: 1, new: 2
DEBUG:root:diff replace old[1:1] new[1:2]
DEBUG:root:parse_part from 1 to 1 (to 1 in part parser)
DEBUG:root:diff parser end
DEBUG:root:diff parser start
DEBUG:root:diff parser calculated
DEBUG:root:diff: line_lengths old: 2, new: 2
DEBUG:root:diff replace old[1:1] new[1:1]
DEBUG:root:parse_part from 1 to 1 (to 1 in part parser)
DEBUG:root:diff equal old[2:2] new[2:2]
DEBUG:root:diff parser end
DEBUG:root:diff parser start
DEBUG:root:diff parser calculated
DEBUG:root:diff: line_lengths old: 2, new: 2
DEBUG:root:diff replace old[1:1] new[1:1]
DEBUG:root:parse_part from 1 to 1 (to 1 in part parser)
DEBUG:root:diff equal old[2:2] new[2:2]
DEBUG:root:diff parser end
DEBUG:root:diff parser start
DEBUG:root:diff parser calculated
DEBUG:root:diff: line_lengths old: 2, new: 1
DEBUG:root:diff replace old[1:2] new[1:1]
DEBUG:root:parse_part from 1 to 1 (to 0 in part parser)
DEBUG:root:diff parser end
DEBUG:root:diff parser start
DEBUG:root:diff parser calculated
DEBUG:root:diff: line_lengths old: 1, new: 1
DEBUG:root:diff replace old[1:1] new[1:1]
DEBUG:root:parse_part from 1 to 2 (to 0 in part parser)
DEBUG:root:diff parser end
DEBUG:root:diff parser start
DEBUG:root:diff parser calculated
DEBUG:root:diff: line_lengths old: 1, new: 2
DEBUG:root:diff replace old[1:1] new[1:2]
DEBUG:root:parse_part from 1 to 1 (to 1 in part parser)
DEBUG:root:diff parser end
DEBUG:root:diff parser start
DEBUG:root:diff parser calculated
DEBUG:root:diff: line_lengths old: 2, new: 2
DEBUG:root:diff replace old[1:1] new[1:1]
DEBUG:root:parse_part from 1 to 1 (to 1 in part parser)
DEBUG:root:diff equal old[2:2] new[2:2]
DEBUG:root:diff parser end
DEBUG:root:diff parser start
DEBUG:root:diff parser calculated
DEBUG:root:diff: line_lengths old: 2, new: 2
DEBUG:root:diff replace old[1:1] new[1:1]
DEBUG:root:parse_part from 1 to 1 (to 1 in part parser)
DEBUG:root:diff equal old[2:2] new[2:2]
DEBUG:root:diff parser end
DEBUG:root:diff parser start
DEBUG:root:diff parser calculated
DEBUG:root:diff: line_lengths old: 2, new: 2
DEBUG:root:diff replace old[1:1] new[1:1]
DEBUG:root:parse_part from 1 to 1 (to 1 in part parser)
DEBUG:root:diff equal old[2:2] new[2:2]
DEBUG:root:diff parser end
DEBUG:root:diff parser start
DEBUG:root:diff parser calculated
DEBUG:root:diff: line_lengths old: 2, new: 2
DEBUG:root:diff replace old[1:1] new[1:1]
DEBUG:root:parse_part from 1 to 1 (to 1 in part parser)
DEBUG:root:diff equal old[2:2] new[2:2]
DEBUG:root:diff parser end
DEBUG:root:diff parser start
DEBUG:root:diff parser calculated
DEBUG:root:diff: line_lengths old: 2, new: 2
DEBUG:root:diff replace old[1:1] new[1:1]
DEBUG:root:parse_part from 1 to 1 (to 1 in part parser)
DEBUG:root:diff equal old[2:2] new[2:2]
DEBUG:root:diff parser end
DEBUG:google.auth.transport._http_client:Making request: GET http://169.254.169.254
DEBUG:google.auth.transport._http_client:Making request: GET http://metadata.google.internal/computeMetadata/v1/project/project-id
DEBUG:root:diff parser start
DEBUG:root:diff parser calculated
DEBUG:root:diff: line_lengths old: 2, new: 1
DEBUG:root:diff replace old[1:2] new[1:1]
DEBUG:root:parse_part from 1 to 1 (to 0 in part parser)
DEBUG:root:diff parser end
DEBUG:root:diff parser start
DEBUG:root:diff parser calculated
DEBUG:root:diff: line_lengths old: 1, new: 1
DEBUG:root:diff replace old[1:1] new[1:1]
DEBUG:root:parse_part from 1 to 1 (to 0 in part parser)
DEBUG:root:diff parser end
DEBUG:root:diff parser start
DEBUG:root:diff parser calculated
DEBUG:root:diff: line_lengths old: 1, new: 1
DEBUG:root:diff replace old[1:1] new[1:1]
DEBUG:root:parse_part from 1 to 1 (to 0 in part parser)
DEBUG:root:diff parser end
DEBUG:root:diff parser start
DEBUG:root:diff parser calculated
DEBUG:root:diff: line_lengths old: 1, new: 1
DEBUG:root:diff replace old[1:1] new[1:1]
DEBUG:root:parse_part from 1 to 1 (to 0 in part parser)
DEBUG:root:diff parser end
INFO:root:Epoch [1/100]
DEBUG:root:diff parser start
DEBUG:root:diff parser calculated
DEBUG:root:diff: line_lengths old: 1, new: 2
DEBUG:root:diff replace old[1:1] new[1:2]
DEBUG:root:parse_part from 1 to 1 (to 1 in part parser)
DEBUG:root:diff parser end
INFO:root:Epoch [1/100]
INFO:root:Epoch [1/100]
DEBUG:root:diff parser start
DEBUG:root:diff parser calculated
DEBUG:root:diff: line_lengths old: 2, new: 2
DEBUG:root:diff replace old[1:1] new[1:1]
DEBUG:root:parse_part from 1 to 1 (to 1 in part parser)
DEBUG:root:diff equal old[2:2] new[2:2]
DEBUG:root:diff parser end
DEBUG:root:diff parser start
DEBUG:root:diff parser calculated
DEBUG:root:diff: line_lengths old: 2, new: 2
DEBUG:root:diff replace old[1:1] new[1:1]
DEBUG:root:parse_part from 1 to 1 (to 1 in part parser)
DEBUG:root:diff equal old[2:2] new[2:2]
DEBUG:root:diff parser end
INFO:root:Epoch [1/100]
